C:/Users/julia/Dropbox/GitHub/NumericRepresentations/src/reg_digs_t.hpp:987: warning: Unsupported xml/html tag <M> found
C:/Users/julia/Dropbox/GitHub/NumericRepresentations/src/pruebas_dig_t.cpp:86: warning: end of comment block while expecting command </b>
warning: Caller graph for 'int_num_t::num_int' not generated, too many nodes (50), threshold is 50. Consider increasing DOT_GRAPH_MAX_NODES.
C:/Users/julia/Dropbox/GitHub/NumericRepresentations/src/nat_rat_fixed_reg_t.hpp:450: warning: explicit link request to 'B23' could not be resolved
C:/Users/julia/Dropbox/GitHub/NumericRepresentations/src/nat_rat_fixed_reg_t.hpp:433: warning: explicit link request to 'B23' could not be resolved
C:/Users/julia/Dropbox/GitHub/NumericRepresentations/src/nat_rat_fixed_reg_t.hpp:386: warning: explicit link request to 'B13' could not be resolved
C:/Users/julia/Dropbox/GitHub/NumericRepresentations/src/nat_rat_fixed_reg_t.hpp:398: warning: explicit link request to 'B16' could not be resolved
C:/Users/julia/Dropbox/GitHub/NumericRepresentations/src/nat_rat_fixed_reg_t.hpp:150: warning: explicit link request to 'B10' could not be resolved
C:/Users/julia/Dropbox/GitHub/NumericRepresentations/src/nat_rat_fixed_reg_t.hpp:156: warning: explicit link request to 'B10' could not be resolved
C:/Users/julia/Dropbox/GitHub/NumericRepresentations/src/nat_rat_fixed_reg_t.hpp:162: warning: explicit link request to 'B10' could not be resolved
C:/Users/julia/Dropbox/GitHub/NumericRepresentations/src/nat_rat_fixed_reg_t.hpp:313: warning: explicit link request to 'B10' could not be resolved
C:/Users/julia/Dropbox/GitHub/NumericRepresentations/src/reg_digs_t.hpp:987: warning: Unsupported xml/html tag <M> found
C:/Users/julia/Dropbox/GitHub/NumericRepresentations/src/reg_digs_t.hpp:987: warning: Unsupported xml/html tag <M> found
C:/Users/julia/Dropbox/GitHub/NumericRepresentations/src/reg_digs_t.hpp:986: warning: Unsupported xml/html tag <M> found
C:/Users/julia/Dropbox/GitHub/NumericRepresentations/src/reg_digs_t.hpp:987: warning: Unsupported xml/html tag <M> found
C:/Users/julia/Dropbox/GitHub/NumericRepresentations/src/reg_digs_t.hpp:412: warning: Unsupported xml/html tag <function> found
C:/Users/julia/Dropbox/GitHub/NumericRepresentations/src/reg_digs_t.hpp:412: warning: Unsupported xml/html tag </function> found
C:/Users/julia/Dropbox/GitHub/NumericRepresentations/src/reg_digs_t.hpp:408: warning: argument 'const' of command @param is not found in the argument list of NumRepr::reg_digs_t< UINT_T, B, L >::copy_arg_N(const base_N_t< N > &arg)
C:/Users/julia/Dropbox/GitHub/NumericRepresentations/src/reg_digs_t.hpp:408: warning: argument 'base_N_t' of command @param is not found in the argument list of NumRepr::reg_digs_t< UINT_T, B, L >::copy_arg_N(const base_N_t< N > &arg)
C:/Users/julia/Dropbox/GitHub/NumericRepresentations/src/reg_digs_t.hpp:408: warning: argument 'N' of command @param is not found in the argument list of NumRepr::reg_digs_t< UINT_T, B, L >::copy_arg_N(const base_N_t< N > &arg)
C:/Users/julia/Dropbox/GitHub/NumericRepresentations/src/reg_digs_t.hpp:331: warning: Unsupported xml/html tag <function> found
C:/Users/julia/Dropbox/GitHub/NumericRepresentations/src/reg_digs_t.hpp:331: warning: Unsupported xml/html tag </function> found
C:/Users/julia/Dropbox/GitHub/NumericRepresentations/src/reg_digs_t.hpp:331: warning: argument 'const' of command @param is not found in the argument list of NumRepr::reg_digs_t< UINT_T, B, L >::make_base_t(const std::initializer_list< dig_t > &larg)
C:/Users/julia/Dropbox/GitHub/NumericRepresentations/src/reg_digs_t.hpp:331: warning: argument 'std' of command @param is not found in the argument list of NumRepr::reg_digs_t< UINT_T, B, L >::make_base_t(const std::initializer_list< dig_t > &larg)
C:/Users/julia/Dropbox/GitHub/NumericRepresentations/src/reg_digs_t.hpp:331: warning: argument 'initializer_list' of command @param is not found in the argument list of NumRepr::reg_digs_t< UINT_T, B, L >::make_base_t(const std::initializer_list< dig_t > &larg)
C:/Users/julia/Dropbox/GitHub/NumericRepresentations/src/reg_digs_t.hpp:331: warning: argument 'dig_t' of command @param is not found in the argument list of NumRepr::reg_digs_t< UINT_T, B, L >::make_base_t(const std::initializer_list< dig_t > &larg)
C:/Users/julia/Dropbox/GitHub/NumericRepresentations/src/reg_digs_t.hpp:437: warning: Unsupported xml/html tag <function> found
C:/Users/julia/Dropbox/GitHub/NumericRepresentations/src/reg_digs_t.hpp:437: warning: Unsupported xml/html tag </function> found
C:/Users/julia/Dropbox/GitHub/NumericRepresentations/src/reg_digs_t.hpp:437: warning: argument 'const' of command @param is not found in the argument list of NumRepr::reg_digs_t< UINT_T, B, L >::move_arg_N(base_N_t< N > &&arg)
C:/Users/julia/Dropbox/GitHub/NumericRepresentations/src/reg_digs_t.hpp:437: warning: argument 'base_N_t' of command @param is not found in the argument list of NumRepr::reg_digs_t< UINT_T, B, L >::move_arg_N(base_N_t< N > &&arg)
C:/Users/julia/Dropbox/GitHub/NumericRepresentations/src/reg_digs_t.hpp:437: warning: argument 'N' of command @param is not found in the argument list of NumRepr::reg_digs_t< UINT_T, B, L >::move_arg_N(base_N_t< N > &&arg)
C:/Users/julia/Dropbox/GitHub/NumericRepresentations/src/reg_digs_t.hpp:502: warning: Unsupported xml/html tag <function> found
C:/Users/julia/Dropbox/GitHub/NumericRepresentations/src/reg_digs_t.hpp:502: warning: Unsupported xml/html tag </function> found
C:/Users/julia/Dropbox/GitHub/NumericRepresentations/src/reg_digs_t.hpp:498: warning: argument 'Ints_type' of command @param is not found in the argument list of NumRepr::reg_digs_t< UINT_T, B, L >::normalize(Ints_type ... digits_pow_i)
C:/Users/julia/Dropbox/GitHub/NumericRepresentations/src/reg_digs_t.hpp:515: warning: end of comment block while expecting command </s>
C:/Users/julia/Dropbox/GitHub/NumericRepresentations/src/reg_digs_t.hpp:705: warning: Unsupported xml/html tag <nontypeparam> found
C:/Users/julia/Dropbox/GitHub/NumericRepresentations/src/reg_digs_t.hpp:705: warning: Unsupported xml/html tag </nontypeparam> found
C:/Users/julia/Dropbox/GitHub/NumericRepresentations/src/reg_digs_t.hpp:704: warning: NumRepr::reg_digs_t::set_0 has @param documentation sections but no arguments
C:/Users/julia/Dropbox/GitHub/NumericRepresentations/src/reg_digs_t.hpp:704: warning: found documented return type for NumRepr::reg_digs_t::set_0 that does not return anything
C:/Users/julia/Dropbox/GitHub/NumericRepresentations/src/reg_digs_t.hpp:753: warning: Unsupported xml/html tag <nontypeparam> found
C:/Users/julia/Dropbox/GitHub/NumericRepresentations/src/reg_digs_t.hpp:753: warning: Unsupported xml/html tag </nontypeparam> found
C:/Users/julia/Dropbox/GitHub/NumericRepresentations/src/reg_digs_t.hpp:754: warning: Unsupported xml/html tag <nontypeparam> found
C:/Users/julia/Dropbox/GitHub/NumericRepresentations/src/reg_digs_t.hpp:754: warning: Unsupported xml/html tag </nontypeparam> found
C:/Users/julia/Dropbox/GitHub/NumericRepresentations/src/reg_digs_t.hpp:752: warning: NumRepr::reg_digs_t::set_interval_0 has @param documentation sections but no arguments
C:/Users/julia/Dropbox/GitHub/NumericRepresentations/src/reg_digs_t.hpp:752: warning: found documented return type for NumRepr::reg_digs_t::set_interval_0 that does not return anything
C:/Users/julia/Dropbox/GitHub/NumericRepresentations/src/nat_rat_fixed_reg_t.hpp:150: warning: explicit link request to 'B10' could not be resolved
C:/Users/julia/Dropbox/GitHub/NumericRepresentations/src/nat_rat_fixed_reg_t.hpp:156: warning: explicit link request to 'B10' could not be resolved
C:/Users/julia/Dropbox/GitHub/NumericRepresentations/src/nat_rat_fixed_reg_t.hpp:162: warning: explicit link request to 'B10' could not be resolved
C:/Users/julia/Dropbox/GitHub/NumericRepresentations/src/nat_rat_fixed_reg_t.hpp:313: warning: explicit link request to 'B10' could not be resolved
C:/Users/julia/Dropbox/GitHub/NumericRepresentations/src/nat_rat_fixed_reg_t.hpp:386: warning: explicit link request to 'B13' could not be resolved
C:/Users/julia/Dropbox/GitHub/NumericRepresentations/src/nat_rat_fixed_reg_t.hpp:398: warning: explicit link request to 'B16' could not be resolved
C:/Users/julia/Dropbox/GitHub/NumericRepresentations/src/nat_rat_fixed_reg_t.hpp:433: warning: explicit link request to 'B23' could not be resolved
C:/Users/julia/Dropbox/GitHub/NumericRepresentations/src/nat_rat_fixed_reg_t.hpp:450: warning: explicit link request to 'B23' could not be resolved
C:/Users/julia/Dropbox/GitHub/NumericRepresentations/src/reg_digs_t.hpp:705: warning: Unsupported xml/html tag <nontypeparam> found
C:/Users/julia/Dropbox/GitHub/NumericRepresentations/src/reg_digs_t.hpp:705: warning: Unsupported xml/html tag </nontypeparam> found
C:/Users/julia/Dropbox/GitHub/NumericRepresentations/src/reg_digs_t.hpp:704: warning: NumRepr::reg_digs_t::set_0 has @param documentation sections but no arguments
C:/Users/julia/Dropbox/GitHub/NumericRepresentations/src/reg_digs_t.hpp:753: warning: Unsupported xml/html tag <nontypeparam> found
C:/Users/julia/Dropbox/GitHub/NumericRepresentations/src/reg_digs_t.hpp:753: warning: Unsupported xml/html tag </nontypeparam> found
C:/Users/julia/Dropbox/GitHub/NumericRepresentations/src/reg_digs_t.hpp:754: warning: Unsupported xml/html tag <nontypeparam> found
C:/Users/julia/Dropbox/GitHub/NumericRepresentations/src/reg_digs_t.hpp:754: warning: Unsupported xml/html tag </nontypeparam> found
C:/Users/julia/Dropbox/GitHub/NumericRepresentations/src/reg_digs_t.hpp:752: warning: NumRepr::reg_digs_t::set_interval_0 has @param documentation sections but no arguments
C:/Users/julia/Dropbox/GitHub/NumericRepresentations/src/reg_digs_t.hpp:502: warning: Unsupported xml/html tag <function> found
C:/Users/julia/Dropbox/GitHub/NumericRepresentations/src/reg_digs_t.hpp:502: warning: Unsupported xml/html tag </function> found
C:/Users/julia/Dropbox/GitHub/NumericRepresentations/src/reg_digs_t.hpp:498: warning: argument 'Ints_type' of command @param is not found in the argument list of NumRepr::reg_digs_t< UINT_T, B, L >::normalize(Ints_type ... digits_pow_i)
C:/Users/julia/Dropbox/GitHub/NumericRepresentations/src/reg_digs_t.hpp:515: warning: end of comment block while expecting command </s>
C:/Users/julia/Dropbox/GitHub/NumericRepresentations/src/reg_digs_t.hpp:986: warning: Unsupported xml/html tag <M> found
C:/Users/julia/Dropbox/GitHub/NumericRepresentations/src/reg_digs_t.hpp:987: warning: Unsupported xml/html tag <M> found
C:/Users/julia/Dropbox/GitHub/NumericRepresentations/src/reg_digs_t.hpp:331: warning: Unsupported xml/html tag <function> found
C:/Users/julia/Dropbox/GitHub/NumericRepresentations/src/reg_digs_t.hpp:331: warning: Unsupported xml/html tag </function> found
C:/Users/julia/Dropbox/GitHub/NumericRepresentations/src/reg_digs_t.hpp:331: warning: argument 'const' of command @param is not found in the argument list of NumRepr::reg_digs_t< UINT_T, B, L >::make_base_t(const std::initializer_list< dig_t > &larg)
C:/Users/julia/Dropbox/GitHub/NumericRepresentations/src/reg_digs_t.hpp:331: warning: argument 'std' of command @param is not found in the argument list of NumRepr::reg_digs_t< UINT_T, B, L >::make_base_t(const std::initializer_list< dig_t > &larg)
C:/Users/julia/Dropbox/GitHub/NumericRepresentations/src/reg_digs_t.hpp:331: warning: argument 'initializer_list' of command @param is not found in the argument list of NumRepr::reg_digs_t< UINT_T, B, L >::make_base_t(const std::initializer_list< dig_t > &larg)
C:/Users/julia/Dropbox/GitHub/NumericRepresentations/src/reg_digs_t.hpp:331: warning: argument 'dig_t' of command @param is not found in the argument list of NumRepr::reg_digs_t< UINT_T, B, L >::make_base_t(const std::initializer_list< dig_t > &larg)
C:/Users/julia/Dropbox/GitHub/NumericRepresentations/src/reg_digs_t.hpp:412: warning: Unsupported xml/html tag <function> found
C:/Users/julia/Dropbox/GitHub/NumericRepresentations/src/reg_digs_t.hpp:412: warning: Unsupported xml/html tag </function> found
C:/Users/julia/Dropbox/GitHub/NumericRepresentations/src/reg_digs_t.hpp:408: warning: argument 'const' of command @param is not found in the argument list of NumRepr::reg_digs_t< UINT_T, B, L >::copy_arg_N(const base_N_t< N > &arg)
C:/Users/julia/Dropbox/GitHub/NumericRepresentations/src/reg_digs_t.hpp:408: warning: argument 'base_N_t' of command @param is not found in the argument list of NumRepr::reg_digs_t< UINT_T, B, L >::copy_arg_N(const base_N_t< N > &arg)
C:/Users/julia/Dropbox/GitHub/NumericRepresentations/src/reg_digs_t.hpp:408: warning: argument 'N' of command @param is not found in the argument list of NumRepr::reg_digs_t< UINT_T, B, L >::copy_arg_N(const base_N_t< N > &arg)
C:/Users/julia/Dropbox/GitHub/NumericRepresentations/src/reg_digs_t.hpp:437: warning: Unsupported xml/html tag <function> found
C:/Users/julia/Dropbox/GitHub/NumericRepresentations/src/reg_digs_t.hpp:437: warning: Unsupported xml/html tag </function> found
C:/Users/julia/Dropbox/GitHub/NumericRepresentations/src/reg_digs_t.hpp:437: warning: argument 'const' of command @param is not found in the argument list of NumRepr::reg_digs_t< UINT_T, B, L >::move_arg_N(base_N_t< N > &&arg)
C:/Users/julia/Dropbox/GitHub/NumericRepresentations/src/reg_digs_t.hpp:437: warning: argument 'base_N_t' of command @param is not found in the argument list of NumRepr::reg_digs_t< UINT_T, B, L >::move_arg_N(base_N_t< N > &&arg)
C:/Users/julia/Dropbox/GitHub/NumericRepresentations/src/reg_digs_t.hpp:437: warning: argument 'N' of command @param is not found in the argument list of NumRepr::reg_digs_t< UINT_T, B, L >::move_arg_N(base_N_t< N > &&arg)
<main>:86: warning: end of comment block while expecting command </b>
C:/Users/julia/Dropbox/GitHub/NumericRepresentations/src/nat_rat_fixed_reg_t.hpp:154: warning: explicit link request to 'B10' could not be resolved
C:/Users/julia/Dropbox/GitHub/NumericRepresentations/src/nat_rat_fixed_reg_t.hpp:160: warning: explicit link request to 'B10' could not be resolved
C:/Users/julia/Dropbox/GitHub/NumericRepresentations/src/nat_rat_fixed_reg_t.hpp:168: warning: explicit link request to 'B10' could not be resolved
C:/Users/julia/Dropbox/GitHub/NumericRepresentations/src/nat_rat_fixed_reg_t.hpp:317: warning: explicit link request to 'B10' could not be resolved
C:/Users/julia/Dropbox/GitHub/NumericRepresentations/src/nat_rat_fixed_reg_t.hpp:391: warning: explicit link request to 'B13' could not be resolved
C:/Users/julia/Dropbox/GitHub/NumericRepresentations/src/nat_rat_fixed_reg_t.hpp:403: warning: explicit link request to 'B16' could not be resolved
C:/Users/julia/Dropbox/GitHub/NumericRepresentations/src/nat_rat_fixed_reg_t.hpp:441: warning: explicit link request to 'B23' could not be resolved
C:/Users/julia/Dropbox/GitHub/NumericRepresentations/src/nat_rat_fixed_reg_t.hpp:456: warning: explicit link request to 'B23' could not be resolved
C:/Users/julia/Dropbox/GitHub/NumericRepresentations/src/reg_digs_t.hpp:711: warning: Unsupported xml/html tag <nontypeparam> found
C:/Users/julia/Dropbox/GitHub/NumericRepresentations/src/reg_digs_t.hpp:711: warning: Unsupported xml/html tag </nontypeparam> found
C:/Users/julia/Dropbox/GitHub/NumericRepresentations/src/reg_digs_t.hpp:704: warning: NumRepr::reg_digs_t::set_0 has @param documentation sections but no arguments
C:/Users/julia/Dropbox/GitHub/NumericRepresentations/src/reg_digs_t.hpp:759: warning: Unsupported xml/html tag <nontypeparam> found
C:/Users/julia/Dropbox/GitHub/NumericRepresentations/src/reg_digs_t.hpp:759: warning: Unsupported xml/html tag </nontypeparam> found
C:/Users/julia/Dropbox/GitHub/NumericRepresentations/src/reg_digs_t.hpp:760: warning: Unsupported xml/html tag <nontypeparam> found
C:/Users/julia/Dropbox/GitHub/NumericRepresentations/src/reg_digs_t.hpp:760: warning: Unsupported xml/html tag </nontypeparam> found
C:/Users/julia/Dropbox/GitHub/NumericRepresentations/src/reg_digs_t.hpp:752: warning: NumRepr::reg_digs_t::set_interval_0 has @param documentation sections but no arguments
C:/Users/julia/Dropbox/GitHub/NumericRepresentations/src/reg_digs_t.hpp:491: warning: Unsupported xml/html tag <function> found
C:/Users/julia/Dropbox/GitHub/NumericRepresentations/src/reg_digs_t.hpp:491: warning: Unsupported xml/html tag </function> found
C:/Users/julia/Dropbox/GitHub/NumericRepresentations/src/reg_digs_t.hpp:498: warning: argument 'Ints_type' of command @param is not found in the argument list of NumRepr::reg_digs_t< UINT_T, B, L >::normalize(Ints_type ... digits_pow_i)
C:/Users/julia/Dropbox/GitHub/NumericRepresentations/src/reg_digs_t.hpp:988: warning: Unsupported xml/html tag <M> found
C:/Users/julia/Dropbox/GitHub/NumericRepresentations/src/reg_digs_t.hpp:991: warning: Unsupported xml/html tag <M> found
C:/Users/julia/Dropbox/GitHub/NumericRepresentations/src/reg_digs_t.hpp:410: warning: Unsupported xml/html tag <function> found
C:/Users/julia/Dropbox/GitHub/NumericRepresentations/src/reg_digs_t.hpp:410: warning: Unsupported xml/html tag </function> found
C:/Users/julia/Dropbox/GitHub/NumericRepresentations/src/reg_digs_t.hpp:408: warning: argument 'const' of command @param is not found in the argument list of NumRepr::reg_digs_t< UINT_T, B, L >::copy_arg_N(const base_N_t< N > &arg)
C:/Users/julia/Dropbox/GitHub/NumericRepresentations/src/reg_digs_t.hpp:408: warning: argument 'base_N_t' of command @param is not found in the argument list of NumRepr::reg_digs_t< UINT_T, B, L >::copy_arg_N(const base_N_t< N > &arg)
C:/Users/julia/Dropbox/GitHub/NumericRepresentations/src/reg_digs_t.hpp:408: warning: argument 'N' of command @param is not found in the argument list of NumRepr::reg_digs_t< UINT_T, B, L >::copy_arg_N(const base_N_t< N > &arg)
C:/Users/julia/Dropbox/GitHub/NumericRepresentations/src/reg_digs_t.hpp:435: warning: Unsupported xml/html tag <function> found
C:/Users/julia/Dropbox/GitHub/NumericRepresentations/src/reg_digs_t.hpp:435: warning: Unsupported xml/html tag </function> found
C:/Users/julia/Dropbox/GitHub/NumericRepresentations/src/reg_digs_t.hpp:437: warning: argument 'const' of command @param is not found in the argument list of NumRepr::reg_digs_t< UINT_T, B, L >::move_arg_N(base_N_t< N > &&arg)
C:/Users/julia/Dropbox/GitHub/NumericRepresentations/src/reg_digs_t.hpp:437: warning: argument 'base_N_t' of command @param is not found in the argument list of NumRepr::reg_digs_t< UINT_T, B, L >::move_arg_N(base_N_t< N > &&arg)
C:/Users/julia/Dropbox/GitHub/NumericRepresentations/src/reg_digs_t.hpp:437: warning: argument 'N' of command @param is not found in the argument list of NumRepr::reg_digs_t< UINT_T, B, L >::move_arg_N(base_N_t< N > &&arg)
C:/Users/julia/Dropbox/GitHub/NumericRepresentations/src/reg_digs_t.hpp:334: warning: Unsupported xml/html tag <function> found
C:/Users/julia/Dropbox/GitHub/NumericRepresentations/src/reg_digs_t.hpp:334: warning: Unsupported xml/html tag </function> found
C:/Users/julia/Dropbox/GitHub/NumericRepresentations/src/reg_digs_t.hpp:331: warning: argument 'const' of command @param is not found in the argument list of NumRepr::reg_digs_t< UINT_T, B, L >::make_base_t(const std::initializer_list< dig_t > &larg)
C:/Users/julia/Dropbox/GitHub/NumericRepresentations/src/reg_digs_t.hpp:331: warning: argument 'std' of command @param is not found in the argument list of NumRepr::reg_digs_t< UINT_T, B, L >::make_base_t(const std::initializer_list< dig_t > &larg)
C:/Users/julia/Dropbox/GitHub/NumericRepresentations/src/reg_digs_t.hpp:331: warning: argument 'initializer_list' of command @param is not found in the argument list of NumRepr::reg_digs_t< UINT_T, B, L >::make_base_t(const std::initializer_list< dig_t > &larg)
C:/Users/julia/Dropbox/GitHub/NumericRepresentations/src/reg_digs_t.hpp:331: warning: argument 'dig_t' of command @param is not found in the argument list of NumRepr::reg_digs_t< UINT_T, B, L >::make_base_t(const std::initializer_list< dig_t > &larg)
